2021-05-16 20:51:06.905 [main] INFO  top.cliffside.SpringBootWebApplication - Starting SpringBootWebApplication using Java 11.0.8 on Cliffside-X1E with PID 16548 (C:\JAVAEE\scaffold\SpringBoot_Web\target\classes started by windo in C:\JAVAEE\scaffold\Spring_Io_Scaffold)
2021-05-16 20:51:06.907 [main] INFO  top.cliffside.SpringBootWebApplication - No active profile set, falling back to default profiles: default
2021-05-16 20:51:07.788 [main] INFO  o.s.boot.web.embedded.tomcat.TomcatWebServer - Tomcat initialized with port(s): 8088 (http)
2021-05-16 20:51:07.799 [main] INFO  org.apache.coyote.http11.Http11NioProtocol - Initializing ProtocolHandler ["http-nio-8088"]
2021-05-16 20:51:07.810 [main] INFO  org.apache.catalina.core.StandardService - Starting service [Tomcat]
2021-05-16 20:51:07.811 [main] INFO  org.apache.catalina.core.StandardEngine - Starting Servlet engine: [Apache Tomcat/9.0.45]
2021-05-16 20:51:07.892 [main] INFO  o.a.c.c.C.[Tomcat].[localhost].[/api/v1] - Initializing Spring embedded WebApplicationContext
2021-05-16 20:51:07.893 [main] INFO  o.s.b.w.s.c.ServletWebServerApplicationContext - Root WebApplicationContext: initialization completed in 943 ms
2021-05-16 20:51:08.244 [main] INFO  o.s.scheduling.concurrent.ThreadPoolTaskExecutor - Initializing ExecutorService 'applicationTaskExecutor'
2021-05-16 20:51:08.386 [main] INFO  org.apache.coyote.http11.Http11NioProtocol - Starting ProtocolHandler ["http-nio-8088"]
2021-05-16 20:51:08.401 [main] INFO  o.s.boot.web.embedded.tomcat.TomcatWebServer - Tomcat started on port(s): 8088 (http) with context path '/api/v1'
2021-05-16 20:51:08.409 [main] INFO  top.cliffside.SpringBootWebApplication - Started SpringBootWebApplication in 1.994 seconds (JVM running for 4.037)
2021-05-16 20:51:59.616 [http-nio-8088-exec-3] INFO  o.a.c.c.C.[Tomcat].[localhost].[/api/v1] - Initializing Spring DispatcherServlet 'dispatcherServlet'
2021-05-16 20:51:59.617 [http-nio-8088-exec-3] INFO  org.springframework.web.servlet.DispatcherServlet - Initializing Servlet 'dispatcherServlet'
2021-05-16 20:51:59.617 [http-nio-8088-exec-3] INFO  org.springframework.web.servlet.DispatcherServlet - Completed initialization in 0 ms
2021-05-16 20:51:59.634 [http-nio-8088-exec-3] INFO  top.cliffside.controller.UserController - 正在测试controller
2021-05-16 20:51:59.657 [http-nio-8088-exec-3] INFO  com.zaxxer.hikari.HikariDataSource - HikariPool-1 - Starting...
2021-05-16 20:51:59.820 [http-nio-8088-exec-3] INFO  com.zaxxer.hikari.HikariDataSource - HikariPool-1 - Start completed.
2021-05-16 20:51:59.884 [http-nio-8088-exec-3] ERROR o.a.c.c.C.[.[.[/api/v1].[dispatcherServlet] - Servlet.service() for servlet [dispatcherServlet] in context with path [/api/v1] threw exception [Request processing failed; nested exception is org.springframework.dao.TransientDataAccessResourceException: 
### Error querying database.  Cause: java.sql.SQLException: SQL String cannot be empty
### The error may exist in top/cliffside/mapper/UserMapper.xml
### The error may involve top.cliffside.mapper.UserMapper.findAll
### The error occurred while executing a query
### SQL: 
### Cause: java.sql.SQLException: SQL String cannot be empty
; SQL String cannot be empty; nested exception is java.sql.SQLException: SQL String cannot be empty] with root cause
com.mysql.cj.exceptions.WrongArgumentException: SQL String cannot be empty
	at java.base/jdk.internal.reflect.NativeConstructorAccessorImpl.newInstance0(Native Method)
	at java.base/jdk.internal.reflect.NativeConstructorAccessorImpl.newInstance(NativeConstructorAccessorImpl.java:62)
	at java.base/jdk.internal.reflect.DelegatingConstructorAccessorImpl.newInstance(DelegatingConstructorAccessorImpl.java:45)
	at java.base/java.lang.reflect.Constructor.newInstance(Constructor.java:490)
	at com.mysql.cj.exceptions.ExceptionFactory.createException(ExceptionFactory.java:61)
	at com.mysql.cj.exceptions.ExceptionFactory.createException(ExceptionFactory.java:85)
	at com.mysql.cj.AbstractPreparedQuery.checkNullOrEmptyQuery(AbstractPreparedQuery.java:163)
	at com.mysql.cj.jdbc.ClientPreparedStatement.<init>(ClientPreparedStatement.java:215)
	at com.mysql.cj.jdbc.ClientPreparedStatement.<init>(ClientPreparedStatement.java:193)
	at com.mysql.cj.jdbc.ClientPreparedStatement.getInstance(ClientPreparedStatement.java:134)
	at com.mysql.cj.jdbc.ConnectionImpl.clientPrepareStatement(ConnectionImpl.java:678)
	at com.mysql.cj.jdbc.ConnectionImpl.prepareStatement(ConnectionImpl.java:1655)
	at com.mysql.cj.jdbc.ConnectionImpl.prepareStatement(ConnectionImpl.java:1575)
	at com.zaxxer.hikari.pool.ProxyConnection.prepareStatement(ProxyConnection.java:337)
	at com.zaxxer.hikari.pool.HikariProxyConnection.prepareStatement(HikariProxyConnection.java)
	at org.apache.ibatis.executor.statement.PreparedStatementHandler.instantiateStatement(PreparedStatementHandler.java:86)
	at org.apache.ibatis.executor.statement.BaseStatementHandler.prepare(BaseStatementHandler.java:88)
	at org.apache.ibatis.executor.statement.RoutingStatementHandler.prepare(RoutingStatementHandler.java:59)
	at org.apache.ibatis.executor.SimpleExecutor.prepareStatement(SimpleExecutor.java:87)
	at org.apache.ibatis.executor.SimpleExecutor.doQuery(SimpleExecutor.java:62)
	at org.apache.ibatis.executor.BaseExecutor.queryFromDatabase(BaseExecutor.java:325)
	at org.apache.ibatis.executor.BaseExecutor.query(BaseExecutor.java:156)
	at org.apache.ibatis.executor.CachingExecutor.query(CachingExecutor.java:109)
	at org.apache.ibatis.executor.CachingExecutor.query(CachingExecutor.java:89)
	at org.apache.ibatis.session.defaults.DefaultSqlSession.selectList(DefaultSqlSession.java:147)
	at org.apache.ibatis.session.defaults.DefaultSqlSession.selectList(DefaultSqlSession.java:140)
	at java.base/jdk.internal.reflect.NativeMethodAccessorImpl.invoke0(Native Method)
	at java.base/jdk.internal.reflect.NativeMethodAccessorImpl.invoke(NativeMethodAccessorImpl.java:62)
	at java.base/jdk.internal.reflect.DelegatingMethodAccessorImpl.invoke(DelegatingMethodAccessorImpl.java:43)
	at java.base/java.lang.reflect.Method.invoke(Method.java:566)
	at org.mybatis.spring.SqlSessionTemplate$SqlSessionInterceptor.invoke(SqlSessionTemplate.java:426)
	at com.sun.proxy.$Proxy51.selectList(Unknown Source)
	at org.mybatis.spring.SqlSessionTemplate.selectList(SqlSessionTemplate.java:223)
	at org.apache.ibatis.binding.MapperMethod.executeForMany(MapperMethod.java:147)
	at org.apache.ibatis.binding.MapperMethod.execute(MapperMethod.java:80)
	at org.apache.ibatis.binding.MapperProxy$PlainMethodInvoker.invoke(MapperProxy.java:152)
	at org.apache.ibatis.binding.MapperProxy.invoke(MapperProxy.java:85)
	at com.sun.proxy.$Proxy53.findAll(Unknown Source)
	at java.base/jdk.internal.reflect.NativeMethodAccessorImpl.invoke0(Native Method)
	at java.base/jdk.internal.reflect.NativeMethodAccessorImpl.invoke(NativeMethodAccessorImpl.java:62)
	at java.base/jdk.internal.reflect.DelegatingMethodAccessorImpl.invoke(DelegatingMethodAccessorImpl.java:43)
	at java.base/java.lang.reflect.Method.invoke(Method.java:566)
	at org.springframework.aop.support.AopUtils.invokeJoinpointUsingReflection(AopUtils.java:344)
	at org.springframework.aop.framework.ReflectiveMethodInvocation.invokeJoinpoint(ReflectiveMethodInvocation.java:198)
	at org.springframework.aop.framework.ReflectiveMethodInvocation.proceed(ReflectiveMethodInvocation.java:163)
	at org.springframework.dao.support.PersistenceExceptionTranslationInterceptor.invoke(PersistenceExceptionTranslationInterceptor.java:137)
	at org.springframework.aop.framework.ReflectiveMethodInvocation.proceed(ReflectiveMethodInvocation.java:186)
	at org.springframework.aop.framework.JdkDynamicAopProxy.invoke(JdkDynamicAopProxy.java:215)
	at com.sun.proxy.$Proxy54.findAll(Unknown Source)
	at top.cliffside.service.impl.UserServiceImpl.findAll(UserServiceImpl.java:21)
	at top.cliffside.controller.UserController.findAll(UserController.java:28)
	at java.base/jdk.internal.reflect.NativeMethodAccessorImpl.invoke0(Native Method)
	at java.base/jdk.internal.reflect.NativeMethodAccessorImpl.invoke(NativeMethodAccessorImpl.java:62)
	at java.base/jdk.internal.reflect.DelegatingMethodAccessorImpl.invoke(DelegatingMethodAccessorImpl.java:43)
	at java.base/java.lang.reflect.Method.invoke(Method.java:566)
	at org.springframework.web.method.support.InvocableHandlerMethod.doInvoke(InvocableHandlerMethod.java:197)
	at org.springframework.web.method.support.InvocableHandlerMethod.invokeForRequest(InvocableHandlerMethod.java:141)
	at org.springframework.web.servlet.mvc.method.annotation.ServletInvocableHandlerMethod.invokeAndHandle(ServletInvocableHandlerMethod.java:106)
	at org.springframework.web.servlet.mvc.method.annotation.RequestMappingHandlerAdapter.invokeHandlerMethod(RequestMappingHandlerAdapter.java:894)
	at org.springframework.web.servlet.mvc.method.annotation.RequestMappingHandlerAdapter.handleInternal(RequestMappingHandlerAdapter.java:808)
	at org.springframework.web.servlet.mvc.method.AbstractHandlerMethodAdapter.handle(AbstractHandlerMethodAdapter.java:87)
	at org.springframework.web.servlet.DispatcherServlet.doDispatch(DispatcherServlet.java:1060)
	at org.springframework.web.servlet.DispatcherServlet.doService(DispatcherServlet.java:962)
	at org.springframework.web.servlet.FrameworkServlet.processRequest(FrameworkServlet.java:1006)
	at org.springframework.web.servlet.FrameworkServlet.doGet(FrameworkServlet.java:898)
	at javax.servlet.http.HttpServlet.service(HttpServlet.java:626)
	at org.springframework.web.servlet.FrameworkServlet.service(FrameworkServlet.java:883)
	at javax.servlet.http.HttpServlet.service(HttpServlet.java:733)
	at org.apache.catalina.core.ApplicationFilterChain.internalDoFilter(ApplicationFilterChain.java:227)
	at org.apache.catalina.core.ApplicationFilterChain.doFilter(ApplicationFilterChain.java:162)
	at org.apache.tomcat.websocket.server.WsFilter.doFilter(WsFilter.java:53)
	at org.apache.catalina.core.ApplicationFilterChain.internalDoFilter(ApplicationFilterChain.java:189)
	at org.apache.catalina.core.ApplicationFilterChain.doFilter(ApplicationFilterChain.java:162)
	at org.springframework.web.filter.RequestContextFilter.doFilterInternal(RequestContextFilter.java:100)
	at org.springframework.web.filter.OncePerRequestFilter.doFilter(OncePerRequestFilter.java:119)
	at org.apache.catalina.core.ApplicationFilterChain.internalDoFilter(ApplicationFilterChain.java:189)
	at org.apache.catalina.core.ApplicationFilterChain.doFilter(ApplicationFilterChain.java:162)
	at org.springframework.web.filter.FormContentFilter.doFilterInternal(FormContentFilter.java:93)
	at org.springframework.web.filter.OncePerRequestFilter.doFilter(OncePerRequestFilter.java:119)
	at org.apache.catalina.core.ApplicationFilterChain.internalDoFilter(ApplicationFilterChain.java:189)
	at org.apache.catalina.core.ApplicationFilterChain.doFilter(ApplicationFilterChain.java:162)
	at org.springframework.web.filter.CharacterEncodingFilter.doFilterInternal(CharacterEncodingFilter.java:201)
	at org.springframework.web.filter.OncePerRequestFilter.doFilter(OncePerRequestFilter.java:119)
	at org.apache.catalina.core.ApplicationFilterChain.internalDoFilter(ApplicationFilterChain.java:189)
	at org.apache.catalina.core.ApplicationFilterChain.doFilter(ApplicationFilterChain.java:162)
	at org.apache.catalina.core.StandardWrapperValve.invoke(StandardWrapperValve.java:202)
	at org.apache.catalina.core.StandardContextValve.invoke(StandardContextValve.java:97)
	at org.apache.catalina.authenticator.AuthenticatorBase.invoke(AuthenticatorBase.java:542)
	at org.apache.catalina.core.StandardHostValve.invoke(StandardHostValve.java:143)
	at org.apache.catalina.valves.ErrorReportValve.invoke(ErrorReportValve.java:92)
	at org.apache.catalina.core.StandardEngineValve.invoke(StandardEngineValve.java:78)
	at org.apache.catalina.connector.CoyoteAdapter.service(CoyoteAdapter.java:357)
	at org.apache.coyote.http11.Http11Processor.service(Http11Processor.java:374)
	at org.apache.coyote.AbstractProcessorLight.process(AbstractProcessorLight.java:65)
	at org.apache.coyote.AbstractProtocol$ConnectionHandler.process(AbstractProtocol.java:893)
	at org.apache.tomcat.util.net.NioEndpoint$SocketProcessor.doRun(NioEndpoint.java:1707)
	at org.apache.tomcat.util.net.SocketProcessorBase.run(SocketProcessorBase.java:49)
	at java.base/java.util.concurrent.ThreadPoolExecutor.runWorker(ThreadPoolExecutor.java:1128)
	at java.base/java.util.concurrent.ThreadPoolExecutor$Worker.run(ThreadPoolExecutor.java:628)
	at org.apache.tomcat.util.threads.TaskThread$WrappingRunnable.run(TaskThread.java:61)
	at java.base/java.lang.Thread.run(Thread.java:834)
2021-05-16 21:10:10.651 [main] INFO  top.cliffside.SpringBootWebApplication - Starting SpringBootWebApplication using Java 11.0.8 on Cliffside-X1E with PID 8724 (C:\JAVAEE\scaffold\SpringBoot_Web\target\classes started by windo in C:\JAVAEE\scaffold\Spring_Io_Scaffold)
2021-05-16 21:10:10.656 [main] INFO  top.cliffside.SpringBootWebApplication - No active profile set, falling back to default profiles: default
2021-05-16 21:10:11.503 [main] INFO  o.s.boot.web.embedded.tomcat.TomcatWebServer - Tomcat initialized with port(s): 8088 (http)
2021-05-16 21:10:11.519 [main] INFO  org.apache.coyote.http11.Http11NioProtocol - Initializing ProtocolHandler ["http-nio-8088"]
2021-05-16 21:10:11.519 [main] INFO  org.apache.catalina.core.StandardService - Starting service [Tomcat]
2021-05-16 21:10:11.519 [main] INFO  org.apache.catalina.core.StandardEngine - Starting Servlet engine: [Apache Tomcat/9.0.45]
2021-05-16 21:10:11.658 [main] INFO  o.a.c.c.C.[Tomcat].[localhost].[/api/v1] - Initializing Spring embedded WebApplicationContext
2021-05-16 21:10:11.658 [main] INFO  o.s.b.w.s.c.ServletWebServerApplicationContext - Root WebApplicationContext: initialization completed in 949 ms
2021-05-16 21:10:11.745 [main] INFO  c.a.d.s.b.a.DruidDataSourceAutoConfigure - Init DruidDataSource
2021-05-16 21:10:11.982 [main] INFO  com.alibaba.druid.pool.DruidDataSource - {dataSource-1} inited
2021-05-16 21:10:12.206 [main] INFO  o.s.scheduling.concurrent.ThreadPoolTaskExecutor - Initializing ExecutorService 'applicationTaskExecutor'
2021-05-16 21:10:12.382 [main] INFO  org.apache.coyote.http11.Http11NioProtocol - Starting ProtocolHandler ["http-nio-8088"]
2021-05-16 21:10:12.398 [main] INFO  o.s.boot.web.embedded.tomcat.TomcatWebServer - Tomcat started on port(s): 8088 (http) with context path '/api/v1'
2021-05-16 21:10:12.405 [main] INFO  top.cliffside.SpringBootWebApplication - Started SpringBootWebApplication in 2.347 seconds (JVM running for 3.942)
2021-05-16 21:11:06.789 [http-nio-8088-exec-1] INFO  o.a.c.c.C.[Tomcat].[localhost].[/api/v1] - Initializing Spring DispatcherServlet 'dispatcherServlet'
2021-05-16 21:11:06.791 [http-nio-8088-exec-1] INFO  org.springframework.web.servlet.DispatcherServlet - Initializing Servlet 'dispatcherServlet'
2021-05-16 21:11:06.791 [http-nio-8088-exec-1] INFO  org.springframework.web.servlet.DispatcherServlet - Completed initialization in 0 ms
2021-05-16 21:12:24.256 [http-nio-8088-exec-4] WARN  org.apache.catalina.util.SessionIdGeneratorBase - Creation of SecureRandom instance for session ID generation using [SHA1PRNG] took [527] milliseconds.
